<?xml version="1.0" encoding="UTF-8"?>
<!-- Generated by org.testng.reporters.JUnitReportReporter -->
<testsuite hostname="Sandeeps-MBP.domain.name" failures="0" tests="1" name="scenarios.Checkout" time="3.202" errors="0" timestamp="2023-11-29T20:03:17 IST" skipped="0">
  <testcase classname="scenarios.Checkout" name="checkoutarticle" time="3.202"/>
</testsuite> <!-- scenarios.Checkout -->
