<?xml version="1.0" encoding="UTF-8"?>
<!-- Generated by org.testng.reporters.JUnitReportReporter -->
<testsuite hostname="Sandeeps-MBP.domain.name" failures="0" tests="7" name="scenarios.Checkout" time="47.189" errors="0" timestamp="2023-11-30T12:00:51 IST" skipped="0">
  <testcase classname="scenarios.Checkout" name="checkoutarticle2" time="4.803"/>
  <testcase classname="scenarios.Checkout" name="checkoutaasdarticle2" time="7.613"/>
  <testcase classname="scenarios.Checkout" name="checkoutarticle232" time="4.918"/>
  <testcase classname="scenarios.Checkout" name="checkoutarticle" time="7.710"/>
  <testcase classname="scenarios.Checkout" name="checkou42342tarticle2" time="7.439"/>
  <testcase classname="scenarios.Checkout" name="checkoudasdtarticle2" time="7.274"/>
  <testcase classname="scenarios.Checkout" name="checkoutartic234le2" time="7.432"/>
</testsuite> <!-- scenarios.Checkout -->
